|badge|p1|silver|gen9randombattle|30-2
|uhtml|medal-msg|<div class="broadcast-blue">Curious what those medals under the avatar are? PS now has Ladder Seasons! For more information, check out the <a href="https://www.smogon.com/forums/threads/3740067/">thread on Smogon.</a></div>
|badge|p2|gold|gen9randombattle|3-2
|uhtml|medal-msg|<div class="broadcast-blue">Curious what those medals under the avatar are? PS now has Ladder Seasons! For more information, check out the <a href="https://www.smogon.com/forums/threads/3740067/">thread on Smogon.</a></div>
|raw|<div class="broadcast-blue"><strong>This battle is required to be public due to a player having a name starting with 'rblt'.</div>
|j|☆RBLT Ilex
|j|☆RBLT MDB2
|t:|1726458715
|gametype|singles
|player|p1|RBLT Ilex|kris-masters|2510
|player|p2|RBLT MDB2|#vgcpliiizoruas|2573
|teamsize|p1|6
|teamsize|p2|6
|gen|9
|tier|[Gen 9] Random Battle
|rated|
|rule|Species Clause: Limit one of each Pokémon
|rule|HP Percentage Mod: HP is shown in percentages
|rule|Sleep Clause Mod: Limit one foe put to sleep
|rule|Illusion Level Mod: Illusion disguises the Pokémon's true level
|
|t:|1726458715
|start
|switch|p1a: Rhyperior|Rhyperior, L82, M|323/323
|switch|p2a: Volcarona|Volcarona, L77, F|257/257
|turn|1
|inactive|Battle timer is ON: inactive players will automatically lose when time's up. (requested by RBLT Ilex)
|j| Revival Tour
|
|t:|1726458730
|switch|p2a: Grimmsnarl|Grimmsnarl, L83, M|293/293
|move|p1a: Rhyperior|Earthquake|p2a: Grimmsnarl
|-damage|p2a: Grimmsnarl|35/293
|
|upkeep
|turn|2
|j| RBLT gomdol2
|j| RBLT Unstoppable
|j| freezai
|j| sealed ruins
|j| RBLT HB28
|j| Found it to
|j|+Pulse_kS
|j| RBLT robertin
|j| verismovicissitude
|j| rblt nxkxlise
|j| rblt destined
|c| Found it to|OH NAHHH
|j| North
|j| RBLT pokeblade101
|j| rblt hiye
|j| Ducky1231
|c| Found it to|BIG GAME
|j| IcyPenguin604
|j| babyboyblues
|j| RBLT raulcan
|j| alwayssimple
|c| RBLT pokeblade101|oh hell nah
|j| rb LTG99
|j| NDUbers brainrot
|j| RBLT Doilt
|j| snorlax142857
|
|t:|1726458751
|move|p2a: Grimmsnarl|Reflect|p2a: Grimmsnarl
|-sidestart|p2: RBLT MDB2|Reflect
|move|p1a: Rhyperior|Earthquake|p2a: Grimmsnarl
|-damage|p2a: Grimmsnarl|0 fnt
|faint|p2a: Grimmsnarl
|
|upkeep
|j| PokeChess
|j| RBLT JustOut
|j| Fant'sy Beast
|j| skymin<3
|j| Redeemed d18l 69
|
|t:|1726458764
|switch|p2a: Palafin|Palafin, L77, F|281/281
|turn|3
|c| skymin<3|michael are u crazy
|j|+Samirsin☆
|j| RBLT Star Wheel
|
|t:|1726458771
|detailschange|p2a: Palafin|Palafin-Hero, L77, F
|switch|p2a: Flapple|Flapple, L88, F|266/266
|switch|p1a: Granbull|Granbull, L88, F|302/302
|-ability|p1a: Granbull|Intimidate|boost
|-unboost|p2a: Flapple|atk|1
|
|upkeep
|turn|4
|j| warden_unit97
|c| Fant'sy Beast|No timer stall if real
|c| Ducky1231|strongest of the last 30 minutes vs the strongest in history
|
|t:|1726458779
|move|p2a: Flapple|U-turn|p1a: Granbull
|-resisted|p1a: Granbull
|-damage|p1a: Granbull|253/302
|
|t:|1726458781
|switch|p2a: Mew|Mew, L82|298/298|[from] U-turn
|move|p1a: Granbull|Thunder Wave|p2a: Mew
|-status|p2a: Mew|par
|-activate|p2a: Mew|ability: Synchronize
|-status|p1a: Granbull|par
|
|-heal|p1a: Granbull|271/302 par|[from] item: Leftovers
|upkeep
|turn|5
|j| hammy358
|
|t:|1726458784
|cant|p2a: Mew|par
|move|p1a: Granbull|Roar|p2a: Mew
|drag|p2a: Flapple|Flapple, L88, F|266/266
|
|-heal|p1a: Granbull|289/302 par|[from] item: Leftovers
|upkeep
|turn|6
|
|t:|1726458788
|move|p2a: Flapple|Grav Apple|p1a: Granbull
|-damage|p1a: Granbull|33/302 par
|-unboost|p1a: Granbull|def|1
|move|p1a: Granbull|Play Rough|p2a: Flapple
|-supereffective|p2a: Flapple
|-damage|p2a: Flapple|143/266
|
|-heal|p1a: Granbull|51/302 par|[from] item: Leftovers
|upkeep
|turn|7
|c| IcyPenguin604|ghost is clicking so fast
|
|t:|1726458798
|switch|p1a: Vivillon|Vivillon-River, L84, F|272/272
|move|p2a: Flapple|Grav Apple|p1a: Vivillon
|-resisted|p1a: Vivillon
|-damage|p1a: Vivillon|187/272
|-unboost|p1a: Vivillon|def|1
|
|upkeep
|turn|8
|j| lavenderlad02
|j| RBLT Buhrito
|inactive|RBLT MDB2 has 120 seconds left.
|
|t:|1726458829
|switch|p2a: Palafin|Palafin-Hero, L77, F|281/281
|-activate|p2a: Palafin|ability: Zero to Hero
|move|p1a: Vivillon|Hurricane|p2a: Palafin
|-damage|p2a: Palafin|154/281
|
|-heal|p2a: Palafin|171/281|[from] item: Leftovers
|upkeep
|turn|9
|c| hammy358|you got 7 minutes ghost
|
|t:|1726458833
|switch|p1a: Granbull|Granbull, L88, F|51/302 par
|-ability|p1a: Granbull|Intimidate|boost
|-unboost|p2a: Palafin|atk|1
|move|p2a: Palafin|Bulk Up|p2a: Palafin
|-boost|p2a: Palafin|atk|1
|-boost|p2a: Palafin|def|1
|
|-heal|p2a: Palafin|188/281|[from] item: Leftovers
|-heal|p1a: Granbull|69/302 par|[from] item: Leftovers
|-sideend|p2: RBLT MDB2|Reflect
|upkeep
|turn|10
|c| PokeChess|omg
|
|t:|1726458844
|move|p2a: Palafin|Jet Punch|p1a: Granbull
|-damage|p1a: Granbull|0 fnt
|faint|p1a: Granbull
|
|-heal|p2a: Palafin|205/281|[from] item: Leftovers
|upkeep
|l| Ducky1231
|
|t:|1726458848
|switch|p1a: Slaking|Slaking, L84, F|389/389
|turn|11
|
|t:|1726458861
|move|p1a: Slaking|Double-Edge|p2a: Palafin
|-damage|p2a: Palafin|7/281
|-damage|p1a: Slaking|324/389|[from] Recoil
|move|p2a: Palafin|Close Combat|p1a: Slaking
|-supereffective|p1a: Slaking
|-damage|p1a: Slaking|120/389
|-unboost|p2a: Palafin|def|1
|-unboost|p2a: Palafin|spd|1
|
|-heal|p2a: Palafin|24/281|[from] item: Leftovers
|upkeep
|turn|12
|
|t:|1726458869
|cant|p1a: Slaking|ability: Truant
|move|p2a: Palafin|Bulk Up|p2a: Palafin
|-boost|p2a: Palafin|atk|1
|-boost|p2a: Palafin|def|1
|
|-heal|p2a: Palafin|41/281|[from] item: Leftovers
|upkeep
|turn|13
|j| Ducky1231
|
|t:|1726458891
|-terastallize|p2a: Palafin|Water
|move|p2a: Palafin|Jet Punch|p1a: Slaking
|-damage|p1a: Slaking|0 fnt
|faint|p1a: Slaking
|
|-heal|p2a: Palafin|58/281|[from] item: Leftovers
|upkeep
|
|t:|1726458905
|switch|p1a: Klawf|Klawf, L90, F|272/272
|turn|14
|l| NDUbers brainrot
|j| RBLT chemcoop
|j| NDUbers brainrot
|
|t:|1726458919
|move|p2a: Palafin|Jet Punch|p1a: Klawf
|-supereffective|p1a: Klawf
|-enditem|p1a: Klawf|Passho Berry|[eat]
|-enditem|p1a: Klawf|Passho Berry|[weaken]
|-damage|p1a: Klawf|146/272
|move|p1a: Klawf|Stone Edge|p2a: Palafin
|-damage|p2a: Palafin|0 fnt
|faint|p2a: Palafin
|
|upkeep
|c| RBLT pokeblade101|lol
|l| Ducky1231
|c| RBLT pokeblade101|the random berry
|c| RBLT Buhrito|clutch
|c| RBLT JustOut|Set dev diff
|inactive|RBLT MDB2 has 120 seconds left.
|c| hammy358|the fact that it actually was bad for him though
|inactive|RBLT MDB2 has 90 seconds left.
|c| IcyPenguin604|michael just timer stalling
|c| skymin<3|i wonder who made the passho set
|c|+Pulse_kS|dont do this bro
|c| skymin<3|LOL
|c| hammy358|smh
|c| RBLT Unstoppable|LMAO
|
|t:|1726458988
|switch|p2a: Flapple|Flapple, L88, F|143/266
|turn|15
|j| rblt lw
|
|t:|1726459000
|move|p1a: Klawf|Stone Edge|p2a: Flapple
|-damage|p2a: Flapple|14/266
|move|p2a: Flapple|Grav Apple|p1a: Klawf
|-supereffective|p1a: Klawf
|-damage|p1a: Klawf|0 fnt
|faint|p1a: Klawf
|
|upkeep
|
|t:|1726459004
|switch|p1a: Vivillon|Vivillon-River, L84, F|187/272
|turn|16
|inactive|RBLT MDB2 has 90 seconds left.
|c| skymin<3|the apple has been graved
|n|+chemcoop|rbltchemcoop
|l| rblt nxkxlise
|c| Found it to|dont timer stall mdb!
|
|t:|1726459033
|switch|p2a: Mew|Mew, L82|298/298 par
|move|p1a: Vivillon|Quiver Dance|p1a: Vivillon
|-boost|p1a: Vivillon|spa|1
|-boost|p1a: Vivillon|spd|1
|-boost|p1a: Vivillon|spe|1
|
|upkeep
|turn|17
|l|+Samirsin☆
|l| Fant'sy Beast
|c| RBLT Buhrito|!
|
|t:|1726459045
|-terastallize|p1a: Vivillon|Ground
|move|p1a: Vivillon|Hurricane|p2a: Mew
|-damage|p2a: Mew|136/298 par
|cant|p2a: Mew|par
|
|-heal|p2a: Mew|154/298 par|[from] item: Leftovers
|upkeep
|turn|18
|j| Fant'sy Beast
|j| RBLT Pokevin
|c| RBLT raulcan|!
|c| PokeChess|he can just timer stall tbh
|c| skymin<3|oh fuck
|j| ewafwedsfcwqe
|
|t:|1726459074
|move|p1a: Vivillon|Hurricane|p2a: Mew
|-damage|p2a: Mew|0 fnt
|faint|p2a: Mew
|
|upkeep
|c| Found it to|thats kinda sad if he does tho
|
|t:|1726459080
|switch|p2a: Flapple|Flapple, L88, F|14/266
|turn|19
|c| skymin<3|michael not gonna timer stall
|c| RBLT Buhrito|ghost insta click all turns
|j| RBLT soT
|c| skymin<3|i feel it in my bones
|
|t:|1726459088
|move|p2a: Flapple|Sucker Punch||[still]
|-fail|p2a: Flapple
|move|p1a: Vivillon|Quiver Dance|p1a: Vivillon
|-boost|p1a: Vivillon|spa|1
|-boost|p1a: Vivillon|spd|1
|-boost|p1a: Vivillon|spe|1
|
|upkeep
|turn|20
|c| skymin<3|michael isnt about that life
|
|t:|1726459091
|move|p2a: Flapple|Sucker Punch||[still]
|-fail|p2a: Flapple
|move|p1a: Vivillon|Quiver Dance|p1a: Vivillon
|-boost|p1a: Vivillon|spa|1
|-boost|p1a: Vivillon|spd|1
|-boost|p1a: Vivillon|spe|1
|
|upkeep
|turn|21
|c| IcyPenguin604|goatilex
|c|☆RBLT MDB2|well
|c|+Pulse_kS|or perhaps we should stop openly suggest people be unsporting
|c| hammy358|oh no the sucker stall
|c|☆RBLT MDB2|now he lost
|c|+Pulse_kS|lol
|j| blanched
|c| RBLT raulcan|not ditto in back right
|
|t:|1726459116
|move|p2a: Flapple|Sucker Punch||[still]
|-fail|p2a: Flapple
|move|p1a: Vivillon|Quiver Dance|p1a: Vivillon
|-boost|p1a: Vivillon|spa|1
|-boost|p1a: Vivillon|spd|1
|-boost|p1a: Vivillon|spe|1
|
|upkeep
|turn|22
|c| hammy358|the mindgames are his downfall
|j| Ducky1231
|c| Found it to|unaware clod
|c| skymin<3|michael would never stall Ilex
|c| skymin<3|right...
|c| RBLT JustOut|Aint no way
|
|t:|1726459136
|move|p2a: Flapple|Sucker Punch||[still]
|-fail|p2a: Flapple
|move|p1a: Vivillon|Quiver Dance|p1a: Vivillon
|-boost|p1a: Vivillon|spa|1
|-boost|p1a: Vivillon|spd|1
|-boost|p1a: Vivillon|spe|1
|
|upkeep
|turn|23
|c| IcyPenguin604|michael rlly timer stalling
|c|☆RBLT MDB2|i click
|c| Ducky1231|mich quivering rn
|c|☆RBLT MDB2|instantly
|c| Ducky1231|quiver dancing even
|
|t:|1726459161
|move|p2a: Flapple|Sucker Punch||[still]
|-fail|p2a: Flapple
|move|p1a: Vivillon|Quiver Dance|p1a: Vivillon
|-boost|p1a: Vivillon|spa|1
|-boost|p1a: Vivillon|spd|1
|-boost|p1a: Vivillon|spe|1
|
|upkeep
|turn|24
|c|☆RBLT Ilex|he says while running down timer
|n| ewafwedsfcwqe|ewafwedsfcwqe
|
|t:|1726459166
|move|p2a: Flapple|Sucker Punch||[still]
|-fail|p2a: Flapple
|move|p1a: Vivillon|Quiver Dance|p1a: Vivillon
|-boost|p1a: Vivillon|spa|0
|-boost|p1a: Vivillon|spd|0
|-boost|p1a: Vivillon|spe|0
|
|upkeep
|turn|25
|c| hammy358|lmao
|c| PokeChess|less than one minute omg
|c|+Pulse_kS|30 seconds
|c| RBLT Buhrito|LOL
|c| RBLT pokeblade101|he actually is smart cuz this guaranteed the timer will go down lmao
|c| skymin<3|ilex speaks
|c| RBLT JustOut|Crazy rat behaviour
|c| ewafwedsfcwqe|-1000 aura michael
|c| Found it to|oh no
|c| IcyPenguin604|go ghost
|c| IcyPenguin604|you win  this you make it
|
|t:|1726459179
|move|p2a: Flapple|Sucker Punch||[still]
|-fail|p2a: Flapple
|move|p1a: Vivillon|Quiver Dance|p1a: Vivillon
|-boost|p1a: Vivillon|spa|0
|-boost|p1a: Vivillon|spd|0
|-boost|p1a: Vivillon|spe|0
|
|upkeep
|turn|26
|c| RBLT HB28|LMAO this is so joev
|c| skymin<3|instantly ?
|c| IcyPenguin604|click
|c| rblt lw|hes not gonna make it lmao
|l| Revival Tour
|c| Found it to|its over…
|j| FBISurveillanceMan
|c| hammy358|17
|c| IcyPenguin604|michael ff if real lol
|c| skymin<3|is it really instantly michael
|c| skymin<3|...
|c| rblt lw|gg
|inactive|RBLT MDB2 has 60 seconds left.
|c| IcyPenguin604|rip
|c| Ducky1231|HE DOESNT MAKE IT LMFIAO
|j| Uh0h
|c| Ducky1231|gg
|c| Found it to|was a good run
|c| hammy358|:(
|l| RBLT Pokevin
|l| hammy358
|c| verismovicissitude|aw
|c| PokeChess|f
|c| Ducky1231|timer stall too evil
|c| rblt lw|we gotta see who gets picked tho
|j| RBLT Pokevin
|c| Found it to|time up
|c|☆RBLT Ilex|click RBLT MDB2
|c| RBLT HB28|brooo
|inactive|RBLT MDB2 has 30 seconds left.
|c| RBLT Buhrito|wow those sucker midgames were crazy amite giys
|
|t:|1726459237
|move|p2a: Flapple|Sucker Punch||[still]
|-fail|p2a: Flapple
|move|p1a: Vivillon|Quiver Dance|p1a: Vivillon
|-boost|p1a: Vivillon|spa|0
|-boost|p1a: Vivillon|spd|0
|-boost|p1a: Vivillon|spe|0
|
|upkeep
|turn|27
|c|☆RBLT Ilex|gg
|c|☆RBLT Ilex|i would have timer stalled
|
|t:|1726459246
|move|p1a: Vivillon|Tera Blast|p2a: Flapple|[anim] Tera Blast Ground
|-resisted|p2a: Flapple
|-damage|p2a: Flapple|0 fnt
|faint|p2a: Flapple
|
|upkeep
|c|☆RBLT MDB2|gg
|c| IcyPenguin604|yeah the choice band sucker mindgames lmao
|inactive|RBLT MDB2 has 30 seconds left.
|l| blanched
|inactive|RBLT MDB2 has 20 seconds left.
|c|☆RBLT MDB2|i clicked encore with mew
|inactive|RBLT MDB2 has 15 seconds left.
|c|☆RBLT MDB2|then i would have switched into this
|
|t:|1726459275
|switch|p2a: Iron Thorns|Iron Thorns, L83|302/302
|-enditem|p2a: Iron Thorns|Booster Energy
|-activate|p2a: Iron Thorns|ability: Quark Drive|[fromitem]
|-start|p2a: Iron Thorns|quarkdriveatk
|turn|28
|inactive|RBLT MDB2 has 25 seconds left this turn.
|c| rblt lw|and missed
|inactive|RBLT MDB2 has 20 seconds left.
|c|☆RBLT MDB2|and prob won with volc
|c| rblt lw|o
|c|☆RBLT MDB2|gg tho
|inactive|RBLT MDB2 has 15 seconds left.
|j| Salvagedpig09
|
|t:|1726459287
|move|p1a: Vivillon|Tera Blast|p2a: Iron Thorns|[anim] Tera Blast Ground
|-supereffective|p2a: Iron Thorns
|-damage|p2a: Iron Thorns|0 fnt
|faint|p2a: Iron Thorns
|-end|p2a: Iron Thorns|Quark Drive|[silent]
|
|upkeep
|inactive|RBLT MDB2 has 20 seconds left this turn.
|c|☆RBLT Ilex|nah
|l| skymin<3
|c|☆RBLT Ilex|u teraed
|inactive|RBLT MDB2 has 15 seconds left.
|c|☆RBLT Ilex|i won
|inactive|RBLT MDB2 has 10 seconds left.
|inactive|RBLT MDB2 has 5 seconds left.
|
|t:|1726459302
|switch|p2a: Volcarona|Volcarona, L77, F|257/257
|turn|29
|inactive|RBLT MDB2 has 15 seconds left this turn.
|c| IcyPenguin604|hurricane wrecks the volc
|inactive|RBLT MDB2 has 10 seconds left.
|
|t:|1726459308
|move|p1a: Vivillon|Tera Blast|p2a: Volcarona|[anim] Tera Blast Ground
|-damage|p2a: Volcarona|0 fnt
|faint|p2a: Volcarona
|
|win|RBLT Ilex
|inactive|RBLT MDB2 has 15 seconds left this turn.
|raw|RBLT Ilex's rating: 2530 &rarr; <strong>2551</strong><br />(+21 for winning)
|raw|RBLT MDB2's rating: 2544 &rarr; <strong>2523</strong><br />(-21 for losing)
|c| Ducky1231|yeah
|l|☆RBLT MDB2
|player|p2|
|c| Ducky1231|ggs
|l| rblt hiye
|l| North
|l| alwayssimple
|c| IcyPenguin604|ghost had the endgame
|l| warden_unit97
|c| Ducky1231|the ats acc unfort
|l| RBLT robertin
|l| babyboyblues
|l| Found it to
|l| sealed ruins
|l| RBLT Star Wheel
|l| snorlax142857
|l| ewafwedsfcwqe
|l| RBLT Unstoppable
|l| RBLT raulcan
|l| Uh0h
|l|+chemcoop
|l| lavenderlad02
|l| RBLT soT
|l| Salvagedpig09
|l| IcyPenguin604
|l| rb LTG99
|l| rblt lw
|n|+pokeblade101|rbltpokeblade101
|l|+Pulse_kS
|l| FBISurveillanceMan
|l| Ducky1231
|l| PokeChess
|l| Fant'sy Beast
|l| RBLT Doilt
|l| rblt destined
|l| NDUbers brainrot
|l| RBLT JustOut
|j|+lucas2543
|l| RBLT Pokevin
|l|+lucas2543
|j| Petros
|l| Petros
|j| RBLT raulcan
|j|@livid washed
|j| RBLT Doilt
|l| RBLT Buhrito
|l|@livid washed
|l| markleshark
|l| RBLT gomdol2
|l|+pokeblade101
|l| RBLT Doilt
|j| ZB7
|l| ZB7
|l| RBLT raulcan
